\BOOKMARK [0][-]{chapter*.2}{Sammendrag}{}% 1
\BOOKMARK [0][-]{chapter*.3}{Takk Til}{}% 2
\BOOKMARK [0][-]{chapter*.5}{Figurliste}{}% 3
\BOOKMARK [0][-]{chapter*.6}{Tabelliste}{}% 4
\BOOKMARK [0][-]{chapter*.7}{Kodeliste}{}% 5
\BOOKMARK [0][-]{chapter.1}{Introduksjon}{}% 6
\BOOKMARK [1][-]{section.1.1}{Prosjektgruppen}{chapter.1}% 7
\BOOKMARK [1][-]{section.1.2}{Oppdragsgiver}{chapter.1}% 8
\BOOKMARK [1][-]{section.1.3}{Oppdraget}{chapter.1}% 9
\BOOKMARK [1][-]{section.1.4}{Hvorfor, hva og hvordan: Form\345l, leveranser og metode}{chapter.1}% 10
\BOOKMARK [1][-]{section.1.5}{Rapportstruktur}{chapter.1}% 11
\BOOKMARK [0][-]{chapter.2}{Analyse \(Generisk tittel\)}{}% 12
\BOOKMARK [1][-]{section.2.1}{Akademiske og tekniske dokumenter}{chapter.2}% 13
\BOOKMARK [1][-]{section.2.2}{Skriveverkt\370y for store og komplekse dokumenter}{chapter.2}% 14
\BOOKMARK [1][-]{section.2.3}{Digital dokumentproduksjon}{chapter.2}% 15
\BOOKMARK [0][-]{chapter.3}{Design / Utforming/ Planlegging \(Generisk tittel\)}{}% 16
\BOOKMARK [1][-]{section.3.1}{Struktur}{chapter.3}% 17
\BOOKMARK [1][-]{section.3.2}{Innhold}{chapter.3}% 18
\BOOKMARK [1][-]{section.3.3}{Utformingen}{chapter.3}% 19
\BOOKMARK [1][-]{section.3.4}{Leveransene og malen}{chapter.3}% 20
\BOOKMARK [0][-]{chapter.4}{Implementasjon / Produksjon / Gjennomf\370ring \(Generisk tittel\)}{}% 21
\BOOKMARK [1][-]{section.4.1}{Utredning}{chapter.4}% 22
\BOOKMARK [1][-]{section.4.2}{Mediaproduksjon}{chapter.4}% 23
\BOOKMARK [1][-]{section.4.3}{OpenOffice Writer}{chapter.4}% 24
\BOOKMARK [1][-]{section.4.4}{LaTeX}{chapter.4}% 25
\BOOKMARK [0][-]{chapter.5}{Testing / Evaluering \(Generisk Tittel\)}{}% 26
\BOOKMARK [0][-]{chapter.6}{Diskusjon}{}% 27
\BOOKMARK [0][-]{chapter.7}{Konklusjon}{}% 28
\BOOKMARK [0][-]{chapter.7}{Bibliografi}{}% 29
\BOOKMARK [0][-]{chapter.7}{Register}{}% 30
\BOOKMARK [0][-]{appendix.A}{How to use this template}{}% 31
\BOOKMARK [1][-]{section.A.1}{Compilation}{appendix.A}% 32
\BOOKMARK [1][-]{section.A.2}{Chapters/sections/paragraphs}{appendix.A}% 33
\BOOKMARK [1][-]{section.A.3}{Section}{appendix.A}% 34
\BOOKMARK [1][-]{section.A.4}{Figures, tables, equations, etc.}{appendix.A}% 35
\BOOKMARK [1][-]{section.A.5}{Proof of the area of a circle formula A = r2}{appendix.A}% 36
\BOOKMARK [1][-]{section.A.6}{Listings and other environments}{appendix.A}% 37
\BOOKMARK [1][-]{section.A.7}{Source code}{appendix.A}% 38
\BOOKMARK [1][-]{section.A.8}{Cross-references and bibliography}{appendix.A}% 39
\BOOKMARK [1][-]{section.A.9}{Index}{appendix.A}% 40
\BOOKMARK [1][-]{section.A.10}{Fonts}{appendix.A}% 41
\BOOKMARK [1][-]{section.A.11}{Best practice}{appendix.A}% 42
